<?xml version="1.0" encoding="UTF-8"?>
<testng-results ignored="0" total="1" passed="1" failed="0" skipped="0">
  <reporter-output>
  </reporter-output>
  <suite started-at="2020-10-06T20:33:24 EDT" name="HelloWorld_Viswa.TestHelloWorld" finished-at="2020-10-06T20:33:24 EDT" duration-ms="38">
    <groups>
    </groups>
    <test started-at="2020-10-06T20:33:24 EDT" name="Command line test" finished-at="2020-10-06T20:33:24 EDT" duration-ms="38">
      <class name="HelloWorld_Viswa.TestHelloWorld">
        <test-method signature="TestHelloWorld()[pri:0, instance:HelloWorld_Viswa.TestHelloWorld@460d0a57]" started-at="2020-10-06T20:33:24 EDT" name="TestHelloWorld" finished-at="2020-10-06T20:33:24 EDT" duration-ms="4" status="PASS">
          <reporter-output>
          </reporter-output>
        </test-method> <!-- TestHelloWorld -->
      </class> <!-- HelloWorld_Viswa.TestHelloWorld -->
    </test> <!-- Command line test -->
  </suite> <!-- HelloWorld_Viswa.TestHelloWorld -->
</testng-results>
